2025-07-18 10:03:35,939 ERROR: ❌ Failed to initialize enhanced processors: ParallelOCRProcessor.__init__() got an unexpected keyword argument 'num_workers' [in /Users/vedthampi/CascadeProjects/ocr-document-scanner/backend/app/routes_enhanced.py:65]
2025-07-18 10:04:27,745 INFO: OCR Document Scanner startup [in /Users/vedthampi/CascadeProjects/ocr-document-scanner/backend/app/__init__.py:124]
2025-07-18 10:04:27,746 INFO: OCR Document Scanner startup [in /Users/vedthampi/CascadeProjects/ocr-document-scanner/backend/app/__init__.py:124]
2025-07-18 10:04:27,746 INFO: OCR Document Scanner startup [in /Users/vedthampi/CascadeProjects/ocr-document-scanner/backend/app/__init__.py:124]
2025-07-18 10:04:28,555 WARNING: ⚠️  Redis cache not available: Error 61 connecting to localhost:6379. Connection refused. [in /Users/vedthampi/CascadeProjects/ocr-document-scanner/backend/app/cache/redis_cache.py:43]
2025-07-18 10:04:28,555 WARNING: ⚠️  Redis cache not available: Error 61 connecting to localhost:6379. Connection refused. [in /Users/vedthampi/CascadeProjects/ocr-document-scanner/backend/app/cache/redis_cache.py:43]
2025-07-18 10:04:28,555 WARNING: ⚠️  Redis cache not available: Error 61 connecting to localhost:6379. Connection refused. [in /Users/vedthampi/CascadeProjects/ocr-document-scanner/backend/app/cache/redis_cache.py:43]
2025-07-18 10:04:28,555 WARNING: ⚠️  Redis cache not available [in /Users/vedthampi/CascadeProjects/ocr-document-scanner/backend/app/cache/__init__.py:32]
2025-07-18 10:04:28,555 WARNING: ⚠️  Redis cache not available [in /Users/vedthampi/CascadeProjects/ocr-document-scanner/backend/app/cache/__init__.py:32]
2025-07-18 10:04:28,555 WARNING: ⚠️  Redis cache not available [in /Users/vedthampi/CascadeProjects/ocr-document-scanner/backend/app/cache/__init__.py:32]
2025-07-18 10:04:28,556 INFO: ✅ Memory cache initialized (max_size=1000) [in /Users/vedthampi/CascadeProjects/ocr-document-scanner/backend/app/cache/memory_cache.py:37]
2025-07-18 10:04:28,556 INFO: ✅ Using Memory cache as primary cache [in /Users/vedthampi/CascadeProjects/ocr-document-scanner/backend/app/cache/__init__.py:43]
2025-07-18 10:04:28,557 ERROR: ❌ Failed to initialize enhanced processors: ParallelOCRProcessor.__init__() got an unexpected keyword argument 'num_workers' [in /Users/vedthampi/CascadeProjects/ocr-document-scanner/backend/app/routes_enhanced.py:65]
2025-07-18 10:04:28,557 INFO: ✅ Memory cache initialized (max_size=1000) [in /Users/vedthampi/CascadeProjects/ocr-document-scanner/backend/app/cache/memory_cache.py:37]
2025-07-18 10:04:28,557 INFO: ✅ Using Memory cache as primary cache [in /Users/vedthampi/CascadeProjects/ocr-document-scanner/backend/app/cache/__init__.py:43]
2025-07-18 10:04:28,557 ERROR: ❌ Failed to initialize enhanced processors: ParallelOCRProcessor.__init__() got an unexpected keyword argument 'num_workers' [in /Users/vedthampi/CascadeProjects/ocr-document-scanner/backend/app/routes_enhanced.py:65]
2025-07-18 10:04:28,557 INFO: ✅ Memory cache initialized (max_size=1000) [in /Users/vedthampi/CascadeProjects/ocr-document-scanner/backend/app/cache/memory_cache.py:37]
2025-07-18 10:04:28,557 INFO: ✅ Using Memory cache as primary cache [in /Users/vedthampi/CascadeProjects/ocr-document-scanner/backend/app/cache/__init__.py:43]
2025-07-18 10:04:28,558 ERROR: ❌ Failed to initialize enhanced processors: ParallelOCRProcessor.__init__() got an unexpected keyword argument 'num_workers' [in /Users/vedthampi/CascadeProjects/ocr-document-scanner/backend/app/routes_enhanced.py:65]
2025-07-18 23:15:29,847 INFO: OCR Document Scanner startup [in /Users/vedthampi/CascadeProjects/ocr-document-scanner/backend/app/__init__.py:143]
2025-07-18 23:15:32,143 WARNING: ⚠️  Redis cache not available: Error 61 connecting to localhost:6379. Connection refused. [in /Users/vedthampi/CascadeProjects/ocr-document-scanner/backend/app/cache/redis_cache.py:43]
2025-07-18 23:15:32,143 WARNING: ⚠️  Redis cache not available [in /Users/vedthampi/CascadeProjects/ocr-document-scanner/backend/app/cache/__init__.py:32]
2025-07-18 23:15:32,146 INFO: ✅ Memory cache initialized (max_size=1000) [in /Users/vedthampi/CascadeProjects/ocr-document-scanner/backend/app/cache/memory_cache.py:37]
2025-07-18 23:15:32,146 INFO: ✅ Using Memory cache as primary cache [in /Users/vedthampi/CascadeProjects/ocr-document-scanner/backend/app/cache/__init__.py:43]
2025-07-18 23:15:32,146 ERROR: ❌ Failed to initialize enhanced processors: name 'EnhancedImageProcessor' is not defined [in /Users/vedthampi/CascadeProjects/ocr-document-scanner/backend/app/routes_enhanced.py:90]
2025-07-18 23:15:32,165 WARNING: Model or scaler not found, initializing with default model [in /Users/vedthampi/CascadeProjects/ocr-document-scanner/backend/app/ai/document_classifier.py:76]
2025-07-18 23:15:32,166 INFO: Initialized default document classifier model [in /Users/vedthampi/CascadeProjects/ocr-document-scanner/backend/app/ai/document_classifier.py:92]
2025-07-18 23:15:32,175 WARNING: Model or scaler not found, initializing with default model [in /Users/vedthampi/CascadeProjects/ocr-document-scanner/backend/app/ai/document_classifier.py:76]
2025-07-18 23:15:32,176 INFO: Initialized default document classifier model [in /Users/vedthampi/CascadeProjects/ocr-document-scanner/backend/app/ai/document_classifier.py:92]
2025-07-18 23:15:32,176 INFO: Batch Job Manager initialized with 4 workers [in /Users/vedthampi/CascadeProjects/ocr-document-scanner/backend/app/batch/processor.py:57]
2025-07-18 23:16:30,681 INFO: OCR Document Scanner startup [in /Users/vedthampi/CascadeProjects/ocr-document-scanner/backend/app/__init__.py:143]
2025-07-18 23:16:31,612 WARNING: ⚠️  Redis cache not available: Error 61 connecting to localhost:6379. Connection refused. [in /Users/vedthampi/CascadeProjects/ocr-document-scanner/backend/app/cache/redis_cache.py:43]
2025-07-18 23:16:31,612 WARNING: ⚠️  Redis cache not available [in /Users/vedthampi/CascadeProjects/ocr-document-scanner/backend/app/cache/__init__.py:32]
2025-07-18 23:16:31,613 INFO: ✅ Memory cache initialized (max_size=1000) [in /Users/vedthampi/CascadeProjects/ocr-document-scanner/backend/app/cache/memory_cache.py:37]
2025-07-18 23:16:31,613 INFO: ✅ Using Memory cache as primary cache [in /Users/vedthampi/CascadeProjects/ocr-document-scanner/backend/app/cache/__init__.py:43]
2025-07-18 23:16:31,613 ERROR: ❌ Failed to initialize enhanced processors: name 'EnhancedImageProcessor' is not defined [in /Users/vedthampi/CascadeProjects/ocr-document-scanner/backend/app/routes_enhanced.py:90]
2025-07-18 23:16:31,616 WARNING: Model or scaler not found, initializing with default model [in /Users/vedthampi/CascadeProjects/ocr-document-scanner/backend/app/ai/document_classifier.py:76]
2025-07-18 23:16:31,616 INFO: Initialized default document classifier model [in /Users/vedthampi/CascadeProjects/ocr-document-scanner/backend/app/ai/document_classifier.py:92]
2025-07-18 23:16:31,620 WARNING: Model or scaler not found, initializing with default model [in /Users/vedthampi/CascadeProjects/ocr-document-scanner/backend/app/ai/document_classifier.py:76]
2025-07-18 23:16:31,621 INFO: Initialized default document classifier model [in /Users/vedthampi/CascadeProjects/ocr-document-scanner/backend/app/ai/document_classifier.py:92]
2025-07-18 23:16:31,621 INFO: Batch Job Manager initialized with 4 workers [in /Users/vedthampi/CascadeProjects/ocr-document-scanner/backend/app/batch/processor.py:57]
2025-07-18 23:16:38,700 INFO: OCR Document Scanner startup [in /Users/vedthampi/CascadeProjects/ocr-document-scanner/backend/app/__init__.py:143]
2025-07-18 23:16:39,603 WARNING: ⚠️  Redis cache not available: Error 61 connecting to localhost:6379. Connection refused. [in /Users/vedthampi/CascadeProjects/ocr-document-scanner/backend/app/cache/redis_cache.py:43]
2025-07-18 23:16:39,604 WARNING: ⚠️  Redis cache not available [in /Users/vedthampi/CascadeProjects/ocr-document-scanner/backend/app/cache/__init__.py:32]
2025-07-18 23:16:39,605 INFO: ✅ Memory cache initialized (max_size=1000) [in /Users/vedthampi/CascadeProjects/ocr-document-scanner/backend/app/cache/memory_cache.py:37]
2025-07-18 23:16:39,605 INFO: ✅ Using Memory cache as primary cache [in /Users/vedthampi/CascadeProjects/ocr-document-scanner/backend/app/cache/__init__.py:43]
2025-07-18 23:16:39,605 ERROR: ❌ Failed to initialize enhanced processors: name 'EnhancedImageProcessor' is not defined [in /Users/vedthampi/CascadeProjects/ocr-document-scanner/backend/app/routes_enhanced.py:90]
2025-07-18 23:16:39,608 WARNING: Model or scaler not found, initializing with default model [in /Users/vedthampi/CascadeProjects/ocr-document-scanner/backend/app/ai/document_classifier.py:76]
2025-07-18 23:16:39,608 INFO: Initialized default document classifier model [in /Users/vedthampi/CascadeProjects/ocr-document-scanner/backend/app/ai/document_classifier.py:92]
2025-07-18 23:16:39,612 WARNING: Model or scaler not found, initializing with default model [in /Users/vedthampi/CascadeProjects/ocr-document-scanner/backend/app/ai/document_classifier.py:76]
2025-07-18 23:16:39,612 INFO: Initialized default document classifier model [in /Users/vedthampi/CascadeProjects/ocr-document-scanner/backend/app/ai/document_classifier.py:92]
2025-07-18 23:16:39,612 INFO: Batch Job Manager initialized with 4 workers [in /Users/vedthampi/CascadeProjects/ocr-document-scanner/backend/app/batch/processor.py:57]
